{
  "RSpec": {
    "coverage": {
      "/home/david/Broncode/personal/MarsRovers/lib/rover_falls_exception.rb": [
        1,
        1,
        1,
        null,
        null
      ],
      "/home/david/Broncode/personal/MarsRovers/lib/rover.rb": [
        1,
        1,
        1,
        null,
        null,
        null,
        null,
        1,
        1,
        null,
        1,
        11,
        11,
        11,
        null,
        null,
        1,
        25,
        null,
        null,
        1,
        11,
        null,
        null,
        1,
        6,
        null,
        null,
        1,
        null,
        7,
        26,
        null,
        null,
        null,
        1,
        null,
        1,
        13,
        null,
        null,
        1,
        13,
        null,
        13,
        12,
        null,
        null,
        1,
        5,
        5,
        null,
        null,
        1,
        5,
        5,
        null,
        null
      ],
      "/home/david/Broncode/personal/MarsRovers/lib/plateau.rb": [
        1,
        1,
        1,
        1,
        null,
        1,
        15,
        null,
        null,
        1,
        15,
        null,
        null
      ],
      "/home/david/Broncode/personal/MarsRovers/spec/plateau_spec.rb": [
        1,
        1,
        5,
        null,
        2,
        2,
        null,
        2,
        2,
        null
      ],
      "/home/david/Broncode/personal/MarsRovers/spec/rover_exception_spec.rb": [
        1,
        1,
        2,
        2,
        null
      ],
      "/home/david/Broncode/personal/MarsRovers/spec/rover_spec.rb": [
        1,
        1,
        9,
        5,
        2,
        null,
        2,
        2,
        2,
        null,
        1,
        1,
        1,
        1,
        1,
        1,
        null,
        null,
        1,
        1,
        1,
        null,
        null,
        1,
        3,
        null,
        1,
        1,
        1,
        1,
        null,
        null,
        1,
        1,
        1,
        1,
        null,
        null,
        null,
        1,
        2,
        3,
        null,
        null
      ]
    },
    "timestamp": 1478035040
  }
}
